This file contains any messages produced by compilers while
running configure, to aid debugging if configure makes a mistake.

It was created by spatialindex configure 1.6.1, which was
generated by GNU Autoconf 2.61.  Invocation command line was

  $ /Users/jarodwen/Documents/Distributed/spatialindex/spatialindex-src-1.6.1/configure --prefix=/Users/jarodwen/Documents/Distributed/spatialindex/usr

## --------- ##
## Platform. ##
## --------- ##

hostname = JArod-Wens-MacBook-Pro.local
uname -m = i386
uname -r = 10.6.0
uname -s = Darwin
uname -v = Darwin Kernel Version 10.6.0: Wed Nov 10 18:13:17 PST 2010; root:xnu-1504.9.26~3/RELEASE_I386

/usr/bin/uname -p = i386
/bin/uname -X     = unknown

/bin/arch              = unknown
/usr/bin/arch -k       = unknown
/usr/convex/getsysinfo = unknown
/usr/bin/hostinfo      = Mach kernel version:
	 Darwin Kernel Version 10.6.0: Wed Nov 10 18:13:17 PST 2010; root:xnu-1504.9.26~3/RELEASE_I386
Kernel configured for up to 2 processors.
2 processors are physically available.
2 processors are logically available.
Processor type: i486 (Intel 80486)
Processors active: 0 1
Primary memory available: 4.00 gigabytes
Default processor set: 84 tasks, 398 threads, 2 processors
Load average: 2.65, Mach factor: 0.69
/bin/machine           = unknown
/usr/bin/oslevel       = unknown
/bin/universe          = unknown

PATH: /usr/bin
PATH: /bin
PATH: /usr/sbin
PATH: /sbin


## ----------- ##
## Core tests. ##
## ----------- ##

configure:1967: checking build system type
configure:1985: result: i386-apple-darwin10.6.0
configure:2070: checking for g++
configure:2086: found /usr/bin/g++
configure:2097: result: g++
configure:2128: checking for C++ compiler version
configure:2135: g++ --version >&5
i686-apple-darwin10-g++-4.2.1 (GCC) 4.2.1 (Apple Inc. build 5664)
Copyright (C) 2007 Free Software Foundation, Inc.
This is free software; see the source for copying conditions.  There is NO
warranty; not even for MERCHANTABILITY or FITNESS FOR A PARTICULAR PURPOSE.

configure:2138: $? = 0
configure:2145: g++ -v >&5
Using built-in specs.
Target: i686-apple-darwin10
Configured with: /var/tmp/gcc/gcc-5664~38/src/configure --disable-checking --enable-werror --prefix=/usr --mandir=/share/man --enable-languages=c,objc,c++,obj-c++ --program-transform-name=/^[cg][^.-]*$/s/$/-4.2/ --with-slibdir=/usr/lib --build=i686-apple-darwin10 --program-prefix=i686-apple-darwin10- --host=x86_64-apple-darwin10 --target=i686-apple-darwin10 --with-gxx-include-dir=/include/c++/4.2.1
Thread model: posix
gcc version 4.2.1 (Apple Inc. build 5664)
configure:2148: $? = 0
configure:2155: g++ -V >&5
g++-4.2: argument to `-V' is missing
configure:2158: $? = 1
configure:2181: checking for C++ compiler default output file name
configure:2208: g++    conftest.cpp  >&5
configure:2211: $? = 0
configure:2249: result: a.out
configure:2266: checking whether the C++ compiler works
configure:2276: ./a.out
configure:2279: $? = 0
configure:2296: result: yes
configure:2303: checking whether we are cross compiling
configure:2305: result: no
configure:2308: checking for suffix of executables
configure:2315: g++ -o conftest    conftest.cpp  >&5
configure:2318: $? = 0
configure:2342: result: 
configure:2348: checking for suffix of object files
configure:2374: g++ -c   conftest.cpp >&5
configure:2377: $? = 0
configure:2400: result: o
configure:2404: checking whether we are using the GNU C++ compiler
configure:2433: g++ -c   conftest.cpp >&5
configure:2439: $? = 0
configure:2456: result: yes
configure:2461: checking whether g++ accepts -g
configure:2491: g++ -c -g  conftest.cpp >&5
configure:2497: $? = 0
configure:2596: result: yes
configure:2624: checking how to run the C++ preprocessor
configure:2660: g++ -E  conftest.cpp
configure:2666: $? = 0
configure:2697: g++ -E  conftest.cpp
conftest.cpp:8:28: error: ac_nonexistent.h: No such file or directory
configure:2703: $? = 1
configure: failed program was:
| /* confdefs.h.  */
| #define PACKAGE_NAME "spatialindex"
| #define PACKAGE_TARNAME "spatialindex-src"
| #define PACKAGE_VERSION "1.6.1"
| #define PACKAGE_STRING "spatialindex 1.6.1"
| #define PACKAGE_BUGREPORT "mhadji@gmail.com"
| /* end confdefs.h.  */
| #include <ac_nonexistent.h>
configure:2736: result: g++ -E
configure:2765: g++ -E  conftest.cpp
configure:2771: $? = 0
configure:2802: g++ -E  conftest.cpp
conftest.cpp:8:28: error: ac_nonexistent.h: No such file or directory
configure:2808: $? = 1
configure: failed program was:
| /* confdefs.h.  */
| #define PACKAGE_NAME "spatialindex"
| #define PACKAGE_TARNAME "spatialindex-src"
| #define PACKAGE_VERSION "1.6.1"
| #define PACKAGE_STRING "spatialindex 1.6.1"
| #define PACKAGE_BUGREPORT "mhadji@gmail.com"
| /* end confdefs.h.  */
| #include <ac_nonexistent.h>
configure:2858: checking for a BSD-compatible install
configure:2914: result: /usr/bin/install -c
configure:2925: checking whether ln -s works
configure:2929: result: yes
configure:2936: checking whether make sets $(MAKE)
configure:2957: result: yes
configure:2991: checking host system type
configure:3006: result: i386-apple-darwin10.6.0
configure:3076: checking for gcc
configure:3092: found /usr/bin/gcc
configure:3103: result: gcc
configure:3341: checking for C compiler version
configure:3348: gcc --version >&5
i686-apple-darwin10-gcc-4.2.1 (GCC) 4.2.1 (Apple Inc. build 5664)
Copyright (C) 2007 Free Software Foundation, Inc.
This is free software; see the source for copying conditions.  There is NO
warranty; not even for MERCHANTABILITY or FITNESS FOR A PARTICULAR PURPOSE.

configure:3351: $? = 0
configure:3358: gcc -v >&5
Using built-in specs.
Target: i686-apple-darwin10
Configured with: /var/tmp/gcc/gcc-5664~38/src/configure --disable-checking --enable-werror --prefix=/usr --mandir=/share/man --enable-languages=c,objc,c++,obj-c++ --program-transform-name=/^[cg][^.-]*$/s/$/-4.2/ --with-slibdir=/usr/lib --build=i686-apple-darwin10 --program-prefix=i686-apple-darwin10- --host=x86_64-apple-darwin10 --target=i686-apple-darwin10 --with-gxx-include-dir=/include/c++/4.2.1
Thread model: posix
gcc version 4.2.1 (Apple Inc. build 5664)
configure:3361: $? = 0
configure:3368: gcc -V >&5
gcc-4.2: argument to `-V' is missing
configure:3371: $? = 1
configure:3374: checking whether we are using the GNU C compiler
configure:3403: gcc -c   conftest.c >&5
configure:3409: $? = 0
configure:3426: result: yes
configure:3431: checking whether gcc accepts -g
configure:3461: gcc -c -g  conftest.c >&5
configure:3467: $? = 0
configure:3566: result: yes
configure:3583: checking for gcc option to accept ISO C89
configure:3657: gcc  -c -g -O2  conftest.c >&5
configure:3663: $? = 0
configure:3686: result: none needed
configure:3704: checking for a sed that does not truncate output
configure:3783: result: /usr/bin/sed
configure:3801: checking for grep that handles long lines and -e
configure:3875: result: /usr/bin/grep
configure:3880: checking for egrep
configure:3958: result: /usr/bin/grep -E
configure:3963: checking for fgrep
configure:4041: result: /usr/bin/grep -F
configure:4076: checking for ld used by gcc
configure:4143: result: /usr/libexec/gcc/i686-apple-darwin10/4.2.1/ld
configure:4152: checking if the linker (/usr/libexec/gcc/i686-apple-darwin10/4.2.1/ld) is GNU ld
configure:4167: result: no
configure:4179: checking for BSD- or MS-compatible name lister (nm)
configure:4228: result: /usr/bin/nm
configure:4350: checking the name lister (/usr/bin/nm) interface
configure:4357: gcc -c -g -O2  conftest.c >&5
configure:4360: /usr/bin/nm "conftest.o"
configure:4363: output
00000000000001a4 D _some_variable
configure:4370: result: BSD nm
configure:4374: checking the maximum length of command line arguments
configure:4494: result: 196608
configure:4511: checking whether the shell understands some XSI constructs
configure:4521: result: yes
configure:4525: checking whether the shell understands "+="
configure:4531: result: yes
configure:4566: checking for /usr/libexec/gcc/i686-apple-darwin10/4.2.1/ld option to reload object files
configure:4573: result: -r
configure:4600: checking how to recognize dependent libraries
configure:4790: result: pass_all
configure:4850: checking for ar
configure:4866: found /usr/bin/ar
configure:4877: result: ar
configure:4959: checking for strip
configure:4975: found /usr/bin/strip
configure:4986: result: strip
configure:5062: checking for ranlib
configure:5078: found /usr/bin/ranlib
configure:5089: result: ranlib
configure:5183: checking command to parse /usr/bin/nm output from gcc object
configure:5301: gcc -c -g -O2  conftest.c >&5
configure:5304: $? = 0
configure:5308: /usr/bin/nm conftest.o \| sed -n -e 's/^.*[	 ]\([BCDEGRST][BCDEGRST]*\)[	 ][	 ]*\([_A-Za-z][_A-Za-z0-9]*\)$/\1 \2 \2/p' \> conftest.nm
configure:5311: $? = 0
cannot find nm_test_var in conftest.nm
configure:5301: gcc -c -g -O2  conftest.c >&5
configure:5304: $? = 0
configure:5308: /usr/bin/nm conftest.o \| sed -n -e 's/^.*[	 ]\([BCDEGRST][BCDEGRST]*\)[	 ][	 ]*_\([_A-Za-z][_A-Za-z0-9]*\)$/\1 _\2 \2/p' \> conftest.nm
configure:5311: $? = 0
configure:5365: gcc -o conftest -g -O2   conftest.c conftstm.o >&5
configure:5368: $? = 0
configure:5406: result: ok
configure:5696: checking for dsymutil
configure:5712: found /usr/bin/dsymutil
configure:5723: result: dsymutil
configure:5792: checking for nmedit
configure:5808: found /usr/bin/nmedit
configure:5819: result: nmedit
configure:5888: checking for lipo
configure:5904: found /usr/bin/lipo
configure:5915: result: lipo
configure:5984: checking for otool
configure:6000: found /usr/bin/otool
configure:6011: result: otool
configure:6080: checking for otool64
configure:6110: result: no
configure:6159: checking for -single_module linker flag
gcc -g -O2  -o libconftest.dylib -dynamiclib -Wl,-single_module conftest.c
configure:6186: result: yes
configure:6188: checking for -exported_symbols_list linker flag
configure:6218: gcc -o conftest -g -O2   -Wl,-exported_symbols_list,conftest.sym conftest.c  >&5
configure:6224: $? = 0
configure:6243: result: yes
configure:6285: checking how to run the C preprocessor
configure:6325: gcc -E  conftest.c
configure:6331: $? = 0
configure:6362: gcc -E  conftest.c
conftest.c:8:28: error: ac_nonexistent.h: No such file or directory
configure:6368: $? = 1
configure: failed program was:
| /* confdefs.h.  */
| #define PACKAGE_NAME "spatialindex"
| #define PACKAGE_TARNAME "spatialindex-src"
| #define PACKAGE_VERSION "1.6.1"
| #define PACKAGE_STRING "spatialindex 1.6.1"
| #define PACKAGE_BUGREPORT "mhadji@gmail.com"
| /* end confdefs.h.  */
| #include <ac_nonexistent.h>
configure:6401: result: gcc -E
configure:6430: gcc -E  conftest.c
configure:6436: $? = 0
configure:6467: gcc -E  conftest.c
conftest.c:8:28: error: ac_nonexistent.h: No such file or directory
configure:6473: $? = 1
configure: failed program was:
| /* confdefs.h.  */
| #define PACKAGE_NAME "spatialindex"
| #define PACKAGE_TARNAME "spatialindex-src"
| #define PACKAGE_VERSION "1.6.1"
| #define PACKAGE_STRING "spatialindex 1.6.1"
| #define PACKAGE_BUGREPORT "mhadji@gmail.com"
| /* end confdefs.h.  */
| #include <ac_nonexistent.h>
configure:6511: checking for ANSI C header files
configure:6541: gcc -c -g -O2  conftest.c >&5
configure:6547: $? = 0
configure:6646: gcc -o conftest -g -O2   conftest.c  >&5
configure:6649: $? = 0
configure:6655: ./conftest
configure:6658: $? = 0
configure:6675: result: yes
configure:6699: checking for sys/types.h
configure:6720: gcc -c -g -O2  conftest.c >&5
configure:6726: $? = 0
configure:6742: result: yes
configure:6699: checking for sys/stat.h
configure:6720: gcc -c -g -O2  conftest.c >&5
configure:6726: $? = 0
configure:6742: result: yes
configure:6699: checking for stdlib.h
configure:6720: gcc -c -g -O2  conftest.c >&5
configure:6726: $? = 0
configure:6742: result: yes
configure:6699: checking for string.h
configure:6720: gcc -c -g -O2  conftest.c >&5
configure:6726: $? = 0
configure:6742: result: yes
configure:6699: checking for memory.h
configure:6720: gcc -c -g -O2  conftest.c >&5
configure:6726: $? = 0
configure:6742: result: yes
configure:6699: checking for strings.h
configure:6720: gcc -c -g -O2  conftest.c >&5
configure:6726: $? = 0
configure:6742: result: yes
configure:6699: checking for inttypes.h
configure:6720: gcc -c -g -O2  conftest.c >&5
configure:6726: $? = 0
configure:6742: result: yes
configure:6699: checking for stdint.h
configure:6720: gcc -c -g -O2  conftest.c >&5
configure:6726: $? = 0
configure:6742: result: yes
configure:6699: checking for unistd.h
configure:6720: gcc -c -g -O2  conftest.c >&5
configure:6726: $? = 0
configure:6742: result: yes
configure:6758: checking for dlfcn.h
configure:6779: gcc -c -g -O2  conftest.c >&5
configure:6785: $? = 0
configure:6801: result: yes
configure:6930: checking for C++ compiler version
configure:6937: g++ --version >&5
i686-apple-darwin10-g++-4.2.1 (GCC) 4.2.1 (Apple Inc. build 5664)
Copyright (C) 2007 Free Software Foundation, Inc.
This is free software; see the source for copying conditions.  There is NO
warranty; not even for MERCHANTABILITY or FITNESS FOR A PARTICULAR PURPOSE.

configure:6940: $? = 0
configure:6947: g++ -v >&5
Using built-in specs.
Target: i686-apple-darwin10
Configured with: /var/tmp/gcc/gcc-5664~38/src/configure --disable-checking --enable-werror --prefix=/usr --mandir=/share/man --enable-languages=c,objc,c++,obj-c++ --program-transform-name=/^[cg][^.-]*$/s/$/-4.2/ --with-slibdir=/usr/lib --build=i686-apple-darwin10 --program-prefix=i686-apple-darwin10- --host=x86_64-apple-darwin10 --target=i686-apple-darwin10 --with-gxx-include-dir=/include/c++/4.2.1
Thread model: posix
gcc version 4.2.1 (Apple Inc. build 5664)
configure:6950: $? = 0
configure:6957: g++ -V >&5
g++-4.2: argument to `-V' is missing
configure:6960: $? = 1
configure:6963: checking whether we are using the GNU C++ compiler
configure:7015: result: yes
configure:7020: checking whether g++ accepts -g
configure:7155: result: yes
configure:7186: checking how to run the C++ preprocessor
configure:7298: result: g++ -E
configure:7327: g++ -E  conftest.cpp
configure:7333: $? = 0
configure:7364: g++ -E  conftest.cpp
conftest.cpp:19:28: error: ac_nonexistent.h: No such file or directory
configure:7370: $? = 1
configure: failed program was:
| /* confdefs.h.  */
| #define PACKAGE_NAME "spatialindex"
| #define PACKAGE_TARNAME "spatialindex-src"
| #define PACKAGE_VERSION "1.6.1"
| #define PACKAGE_STRING "spatialindex 1.6.1"
| #define PACKAGE_BUGREPORT "mhadji@gmail.com"
| #define STDC_HEADERS 1
| #define HAVE_SYS_TYPES_H 1
| #define HAVE_SYS_STAT_H 1
| #define HAVE_STDLIB_H 1
| #define HAVE_STRING_H 1
| #define HAVE_MEMORY_H 1
| #define HAVE_STRINGS_H 1
| #define HAVE_INTTYPES_H 1
| #define HAVE_STDINT_H 1
| #define HAVE_UNISTD_H 1
| #define HAVE_DLFCN_H 1
| /* end confdefs.h.  */
| #include <ac_nonexistent.h>
configure:7582: checking for objdir
configure:7597: result: .libs
configure:7889: checking if gcc supports -fno-rtti -fno-exceptions
configure:7907: gcc -c -g -O2  -fno-rtti -fno-exceptions conftest.c >&5
cc1: warning: command line option "-fno-rtti" is valid for C++/ObjC++ but not for C
configure:7911: $? = 0
configure:7924: result: no
configure:7944: checking for gcc option to produce PIC
configure:8201: result: -fno-common -DPIC
configure:8213: checking if gcc PIC flag -fno-common -DPIC works
configure:8231: gcc -c -g -O2  -fno-common -DPIC -DPIC conftest.c >&5
configure:8235: $? = 0
configure:8248: result: yes
configure:8272: checking if gcc static flag -static works
configure:8300: result: no
configure:8315: checking if gcc supports -c -o file.o
configure:8336: gcc -c -g -O2  -o out/conftest2.o conftest.c >&5
configure:8340: $? = 0
configure:8362: result: yes
configure:8370: checking if gcc supports -c -o file.o
configure:8417: result: yes
configure:8450: checking whether the gcc linker (/usr/libexec/gcc/i686-apple-darwin10/4.2.1/ld) supports shared libraries
configure:9504: result: yes
configure:9743: checking dynamic linker characteristics
configure:10422: result: darwin10.6.0 dyld
configure:10524: checking how to hardcode library paths into programs
configure:10549: result: immediate
configure:11362: checking whether stripping libraries is possible
configure:11376: result: yes
configure:11402: checking if libtool supports shared libraries
configure:11404: result: yes
configure:11407: checking whether to build shared libraries
configure:11428: result: yes
configure:11431: checking whether to build static libraries
configure:11435: result: yes
configure:11585: checking for ld used by g++
configure:11652: result: /usr/libexec/gcc/i686-apple-darwin10/4.2.1/ld
configure:11661: checking if the linker (/usr/libexec/gcc/i686-apple-darwin10/4.2.1/ld) is GNU ld
configure:11676: result: no
configure:11731: checking whether the g++ linker (/usr/libexec/gcc/i686-apple-darwin10/4.2.1/ld) supports shared libraries
configure:12693: result: yes
configure:12721: g++ -c   conftest.cpp >&5
configure:12724: $? = 0
configure:12906: checking for g++ option to produce PIC
configure:13215: result: -fno-common -DPIC
configure:13224: checking if g++ PIC flag -fno-common -DPIC works
configure:13242: g++ -c   -fno-common -DPIC -DPIC conftest.cpp >&5
configure:13246: $? = 0
configure:13259: result: yes
configure:13280: checking if g++ static flag -static works
configure:13308: result: no
configure:13320: checking if g++ supports -c -o file.o
configure:13341: g++ -c   -o out/conftest2.o conftest.cpp >&5
configure:13345: $? = 0
configure:13367: result: yes
configure:13372: checking if g++ supports -c -o file.o
configure:13419: result: yes
configure:13449: checking whether the g++ linker (/usr/libexec/gcc/i686-apple-darwin10/4.2.1/ld) supports shared libraries
configure:13475: result: yes
configure:13612: checking dynamic linker characteristics
configure:14239: result: darwin10.6.0 dyld
configure:14290: checking how to hardcode library paths into programs
configure:14315: result: immediate
configure:14375: checking whether build environment is sane
configure:14418: result: yes
configure:14446: checking for a thread-safe mkdir -p
configure:14485: result: ./install-sh -c -d
configure:14498: checking for gawk
configure:14528: result: no
configure:14498: checking for mawk
configure:14528: result: no
configure:14498: checking for nawk
configure:14528: result: no
configure:14498: checking for awk
configure:14514: found /usr/bin/awk
configure:14525: result: awk
configure:14557: checking for style of include used by make
configure:14585: result: GNU
configure:14778: checking dependency style of gcc
configure:14869: result: gcc3
configure:14886: checking dependency style of g++
configure:14977: result: gcc3
configure:15010: checking fcntl.h usability
configure:15027: gcc -c -g -O2  conftest.c >&5
configure:15033: $? = 0
configure:15047: result: yes
configure:15051: checking fcntl.h presence
configure:15066: gcc -E  conftest.c
configure:15072: $? = 0
configure:15086: result: yes
configure:15119: checking for fcntl.h
configure:15127: result: yes
configure:15149: checking for unistd.h
configure:15155: result: yes
configure:15298: checking for sys/types.h
configure:15304: result: yes
configure:15447: checking for sys/stat.h
configure:15453: result: yes
configure:15606: checking pthread.h usability
configure:15623: gcc -c -g -O2  conftest.c >&5
configure:15629: $? = 0
configure:15643: result: yes
configure:15647: checking pthread.h presence
configure:15662: gcc -E  conftest.c
configure:15668: $? = 0
configure:15682: result: yes
configure:15715: checking for pthread.h
configure:15723: result: yes
configure:15751: checking sys/resource.h usability
configure:15768: gcc -c -g -O2  conftest.c >&5
configure:15774: $? = 0
configure:15788: result: yes
configure:15792: checking sys/resource.h presence
configure:15807: gcc -E  conftest.c
configure:15813: $? = 0
configure:15827: result: yes
configure:15860: checking for sys/resource.h
configure:15868: result: yes
configure:15900: checking sys/time.h usability
configure:15917: gcc -c -g -O2  conftest.c >&5
configure:15923: $? = 0
configure:15937: result: yes
configure:15941: checking sys/time.h presence
configure:15956: gcc -E  conftest.c
configure:15962: $? = 0
configure:15976: result: yes
configure:16009: checking for sys/time.h
configure:16017: result: yes
configure:16039: checking for stdint.h
configure:16045: result: yes
configure:16201: result: checking wether debug information is enabled... no
configure:16214: checking for gettimeofday
configure:16270: gcc -o conftest -g -O2   conftest.c  -lpthread >&5
configure:16276: $? = 0
configure:16294: result: yes
configure:16214: checking for bzero
configure:16270: gcc -o conftest -g -O2   conftest.c  -lpthread >&5
conftest.c:54: warning: conflicting types for built-in function 'bzero'
configure:16276: $? = 0
configure:16294: result: yes
configure:16214: checking for memset
configure:16270: gcc -o conftest -g -O2   conftest.c  -lpthread >&5
conftest.c:55: warning: conflicting types for built-in function 'memset'
configure:16276: $? = 0
configure:16294: result: yes
configure:16214: checking for memcpy
configure:16270: gcc -o conftest -g -O2   conftest.c  -lpthread >&5
conftest.c:56: warning: conflicting types for built-in function 'memcpy'
configure:16276: $? = 0
configure:16294: result: yes
configure:16214: checking for bcopy
configure:16270: gcc -o conftest -g -O2   conftest.c  -lpthread >&5
conftest.c:57: warning: conflicting types for built-in function 'bcopy'
configure:16276: $? = 0
configure:16294: result: yes
configure:16459: creating ./config.status

## ---------------------- ##
## Running config.status. ##
## ---------------------- ##

This file was extended by spatialindex config.status 1.6.1, which was
generated by GNU Autoconf 2.61.  Invocation command line was

  CONFIG_FILES    = 
  CONFIG_HEADERS  = 
  CONFIG_LINKS    = 
  CONFIG_COMMANDS = 
  $ ./config.status 

on JArod-Wens-MacBook-Pro.local

config.status:903: creating Makefile
config.status:903: creating include/Makefile
config.status:903: creating include/capi/Makefile
config.status:903: creating include/tools/Makefile
config.status:903: creating src/Makefile
config.status:903: creating src/capi/Makefile
config.status:903: creating src/spatialindex/Makefile
config.status:903: creating src/storagemanager/Makefile
config.status:903: creating src/rtree/Makefile
config.status:903: creating src/mvrtree/Makefile
config.status:903: creating src/tprtree/Makefile
config.status:903: creating src/tools/Makefile
config.status:903: creating regressiontest/Makefile
config.status:903: creating regressiontest/rtree/Makefile
config.status:903: creating regressiontest/mvrtree/Makefile
config.status:903: creating regressiontest/tprtree/Makefile
config.status:1094: executing libtool commands
config.status:1094: executing depfiles commands

## ---------------- ##
## Cache variables. ##
## ---------------- ##

ac_cv_build=i386-apple-darwin10.6.0
ac_cv_c_compiler_gnu=yes
ac_cv_cxx_compiler_gnu=yes
ac_cv_env_CCC_set=
ac_cv_env_CCC_value=
ac_cv_env_CC_set=
ac_cv_env_CC_value=
ac_cv_env_CFLAGS_set=
ac_cv_env_CFLAGS_value=
ac_cv_env_CPPFLAGS_set=
ac_cv_env_CPPFLAGS_value=
ac_cv_env_CPP_set=
ac_cv_env_CPP_value=
ac_cv_env_CXXCPP_set=
ac_cv_env_CXXCPP_value=
ac_cv_env_CXXFLAGS_set=
ac_cv_env_CXXFLAGS_value=
ac_cv_env_CXX_set=
ac_cv_env_CXX_value=
ac_cv_env_LDFLAGS_set=
ac_cv_env_LDFLAGS_value=
ac_cv_env_LIBS_set=
ac_cv_env_LIBS_value=
ac_cv_env_build_alias_set=
ac_cv_env_build_alias_value=
ac_cv_env_host_alias_set=
ac_cv_env_host_alias_value=
ac_cv_env_target_alias_set=
ac_cv_env_target_alias_value=
ac_cv_func_bcopy=yes
ac_cv_func_bzero=yes
ac_cv_func_gettimeofday=yes
ac_cv_func_memcpy=yes
ac_cv_func_memset=yes
ac_cv_header_dlfcn_h=yes
ac_cv_header_fcntl_h=yes
ac_cv_header_inttypes_h=yes
ac_cv_header_memory_h=yes
ac_cv_header_pthread_h=yes
ac_cv_header_stdc=yes
ac_cv_header_stdint_h=yes
ac_cv_header_stdlib_h=yes
ac_cv_header_string_h=yes
ac_cv_header_strings_h=yes
ac_cv_header_sys_resource_h=yes
ac_cv_header_sys_stat_h=yes
ac_cv_header_sys_time_h=yes
ac_cv_header_sys_types_h=yes
ac_cv_header_unistd_h=yes
ac_cv_host=i386-apple-darwin10.6.0
ac_cv_objext=o
ac_cv_path_EGREP='/usr/bin/grep -E'
ac_cv_path_FGREP='/usr/bin/grep -F'
ac_cv_path_GREP=/usr/bin/grep
ac_cv_path_SED=/usr/bin/sed
ac_cv_path_install='/usr/bin/install -c'
ac_cv_prog_AWK=awk
ac_cv_prog_CPP='gcc -E'
ac_cv_prog_CXXCPP='g++ -E'
ac_cv_prog_ac_ct_AR=ar
ac_cv_prog_ac_ct_CC=gcc
ac_cv_prog_ac_ct_CXX=g++
ac_cv_prog_ac_ct_DSYMUTIL=dsymutil
ac_cv_prog_ac_ct_LIPO=lipo
ac_cv_prog_ac_ct_NMEDIT=nmedit
ac_cv_prog_ac_ct_OTOOL=otool
ac_cv_prog_ac_ct_RANLIB=ranlib
ac_cv_prog_ac_ct_STRIP=strip
ac_cv_prog_cc_c89=
ac_cv_prog_cc_g=yes
ac_cv_prog_cxx_g=yes
ac_cv_prog_make_make_set=yes
am_cv_CC_dependencies_compiler_type=gcc3
am_cv_CXX_dependencies_compiler_type=gcc3
lt_cv_apple_cc_single_mod=yes
lt_cv_deplibs_check_method=pass_all
lt_cv_file_magic_cmd='$MAGIC_CMD'
lt_cv_file_magic_test_file=
lt_cv_ld_exported_symbols_list=yes
lt_cv_ld_reload_flag=-r
lt_cv_nm_interface='BSD nm'
lt_cv_objdir=.libs
lt_cv_path_LD=/usr/libexec/gcc/i686-apple-darwin10/4.2.1/ld
lt_cv_path_LDCXX=/usr/libexec/gcc/i686-apple-darwin10/4.2.1/ld
lt_cv_path_NM=/usr/bin/nm
lt_cv_prog_compiler_c_o=yes
lt_cv_prog_compiler_c_o_CXX=yes
lt_cv_prog_compiler_pic_works=yes
lt_cv_prog_compiler_pic_works_CXX=yes
lt_cv_prog_compiler_rtti_exceptions=no
lt_cv_prog_compiler_static_works=no
lt_cv_prog_compiler_static_works_CXX=no
lt_cv_prog_gnu_ld=no
lt_cv_prog_gnu_ldcxx=no
lt_cv_sys_global_symbol_pipe='sed -n -e '\''s/^.*[	 ]\([BCDEGRST][BCDEGRST]*\)[	 ][	 ]*_\([_A-Za-z][_A-Za-z0-9]*\)$/\1 _\2 \2/p'\'''
lt_cv_sys_global_symbol_to_c_name_address='sed -n -e '\''s/^: \([^ ]*\) $/  {\"\1\", (void *) 0},/p'\'' -e '\''s/^[BCDEGRST]* \([^ ]*\) \([^ ]*\)$/  {"\2", (void *) \&\2},/p'\'''
lt_cv_sys_global_symbol_to_c_name_address_lib_prefix='sed -n -e '\''s/^: \([^ ]*\) $/  {\"\1\", (void *) 0},/p'\'' -e '\''s/^[BCDEGRST]* \([^ ]*\) \(lib[^ ]*\)$/  {"\2", (void *) \&\2},/p'\'' -e '\''s/^[BCDEGRST]* \([^ ]*\) \([^ ]*\)$/  {"lib\2", (void *) \&\2},/p'\'''
lt_cv_sys_global_symbol_to_cdecl='sed -n -e '\''s/^T .* \(.*\)$/extern int \1();/p'\'' -e '\''s/^[BCDEGRST]* .* \(.*\)$/extern char \1;/p'\'''
lt_cv_sys_max_cmd_len=196608

## ----------------- ##
## Output variables. ##
## ----------------- ##

ACLOCAL='${SHELL} /Users/jarodwen/Documents/Distributed/spatialindex/spatialindex-src-1.6.1/missing --run aclocal-1.10'
AMDEPBACKSLASH='\'
AMDEP_FALSE='#'
AMDEP_TRUE=''
AMTAR='${SHELL} /Users/jarodwen/Documents/Distributed/spatialindex/spatialindex-src-1.6.1/missing --run tar'
AR='ar'
AUTOCONF='${SHELL} /Users/jarodwen/Documents/Distributed/spatialindex/spatialindex-src-1.6.1/missing --run autoconf'
AUTOHEADER='${SHELL} /Users/jarodwen/Documents/Distributed/spatialindex/spatialindex-src-1.6.1/missing --run autoheader'
AUTOMAKE='${SHELL} /Users/jarodwen/Documents/Distributed/spatialindex/spatialindex-src-1.6.1/missing --run automake-1.10'
AWK='awk'
CC='gcc'
CCDEPMODE='depmode=gcc3'
CFLAGS='-g -O2'
CPP='gcc -E'
CPPFLAGS=''
CXX='g++'
CXXCPP='g++ -E'
CXXDEPMODE='depmode=gcc3'
CXXFLAGS=' -O2 -DNDEBUG'
CYGPATH_W='echo'
DEFS='-DPACKAGE_NAME=\"spatialindex\" -DPACKAGE_TARNAME=\"spatialindex-src\" -DPACKAGE_VERSION=\"1.6.1\" -DPACKAGE_STRING=\"spatialindex\ 1.6.1\" -DPACKAGE_BUGREPORT=\"mhadji@gmail.com\" -DSTDC_HEADERS=1 -DHAVE_SYS_TYPES_H=1 -DHAVE_SYS_STAT_H=1 -DHAVE_STDLIB_H=1 -DHAVE_STRING_H=1 -DHAVE_MEMORY_H=1 -DHAVE_STRINGS_H=1 -DHAVE_INTTYPES_H=1 -DHAVE_STDINT_H=1 -DHAVE_UNISTD_H=1 -DHAVE_DLFCN_H=1 -DLT_OBJDIR=\".libs/\" -DPACKAGE=\"spatialindex-src\" -DVERSION=\"1.6.1\" -DHAVE_FCNTL_H=1 -DHAVE_UNISTD_H=1 -DHAVE_SYS_TYPES_H=1 -DHAVE_SYS_STAT_H=1 -DHAVE_PTHREAD_H=1 -DHAVE_SYS_RESOURCE_H=1 -DHAVE_SYS_TIME_H=1 -DHAVE_STDINT_H=1 -DHAVE_GETTIMEOFDAY=1 -DHAVE_BZERO=1 -DHAVE_MEMSET=1 -DHAVE_MEMCPY=1 -DHAVE_BCOPY=1'
DEPDIR='.deps'
DSYMUTIL='dsymutil'
DUMPBIN=''
ECHO_C='ECHO_N=''
ECHO_T=''
EGREP='/usr/bin/grep -E'
EXEEXT=''
FGREP='/usr/bin/grep -F'
GREP='/usr/bin/grep'
INSTALL_DATA='${INSTALL} -m 644'
INSTALL_PROGRAM='${INSTALL}'
INSTALL_SCRIPT='${INSTALL}'
INSTALL_STRIP_PROGRAM='$(install_sh) -c -s'
LD='/usr/libexec/gcc/i686-apple-darwin10/4.2.1/ld'
LDFLAGS=''
LIBOBJS=''
LIBS=' -lpthread'
LIBTOOL='$(SHELL) $(top_builddir)/libtool'
LIPO='lipo'
LN_S='ln -s'
LTLIBOBJS=''
MAKEINFO='${SHELL} /Users/jarodwen/Documents/Distributed/spatialindex/spatialindex-src-1.6.1/missing --run makeinfo'
NM='/usr/bin/nm'
NMEDIT='nmedit'
OBJEXT='o'
OTOOL64=':'
OTOOL='otool'
PACKAGE='spatialindex-src'
PACKAGE_BUGREPORT='mhadji@gmail.com'
PACKAGE_NAME='spatialindex'
PACKAGE_STRING='spatialindex 1.6.1'
PACKAGE_TARNAME='spatialindex-src'
PACKAGE_VERSION='1.6.1'
PATH_SEPARATOR=':'
RANLIB='ranlib'
SED='/usr/bin/sed'
SET_MAKE=''
SHELL='/bin/sh'
STRIP='strip'
VERSION='1.6.1'
ac_ct_CC='gcc'
ac_ct_CXX='g++'
ac_ct_DUMPBIN=''
am__fastdepCC_FALSE='#'
am__fastdepCC_TRUE=''
am__fastdepCXX_FALSE='#'
am__fastdepCXX_TRUE=''
am__include='include'
am__isrc=''
am__leading_dot='.'
am__quote=''
am__tar='${AMTAR} chof - "$$tardir"'
am__untar='${AMTAR} xf -'
bindir='${exec_prefix}/bin'
build='i386-apple-darwin10.6.0'
build_alias=''
build_cpu='i386'
build_os='darwin10.6.0'
build_vendor='apple'
datadir='${datarootdir}'
datarootdir='${prefix}/share'
docdir='${datarootdir}/doc/${PACKAGE_TARNAME}'
dvidir='${docdir}'
exec_prefix='${prefix}'
host='i386-apple-darwin10.6.0'
host_alias=''
host_cpu='i386'
host_os='darwin10.6.0'
host_vendor='apple'
htmldir='${docdir}'
includedir='${prefix}/include'
infodir='${datarootdir}/info'
install_sh='$(SHELL) /Users/jarodwen/Documents/Distributed/spatialindex/spatialindex-src-1.6.1/install-sh'
libdir='${exec_prefix}/lib'
libexecdir='${exec_prefix}/libexec'
localedir='${datarootdir}/locale'
localstatedir='${prefix}/var'
lt_ECHO='/bin/echo'
mandir='${datarootdir}/man'
mkdir_p='$(top_builddir)/./install-sh -c -d'
oldincludedir='/usr/include'
pdfdir='${docdir}'
prefix='/Users/jarodwen/Documents/Distributed/spatialindex/usr'
program_transform_name='s,x,x,'
psdir='${docdir}'
sbindir='${exec_prefix}/sbin'
sharedstatedir='${prefix}/com'
sysconfdir='${prefix}/etc'
target_alias=''

## ----------- ##
## confdefs.h. ##
## ----------- ##

#define PACKAGE_NAME "spatialindex"
#define PACKAGE_TARNAME "spatialindex-src"
#define PACKAGE_VERSION "1.6.1"
#define PACKAGE_STRING "spatialindex 1.6.1"
#define PACKAGE_BUGREPORT "mhadji@gmail.com"
#define STDC_HEADERS 1
#define HAVE_SYS_TYPES_H 1
#define HAVE_SYS_STAT_H 1
#define HAVE_STDLIB_H 1
#define HAVE_STRING_H 1
#define HAVE_MEMORY_H 1
#define HAVE_STRINGS_H 1
#define HAVE_INTTYPES_H 1
#define HAVE_STDINT_H 1
#define HAVE_UNISTD_H 1
#define HAVE_DLFCN_H 1
#define LT_OBJDIR ".libs/"
#define PACKAGE "spatialindex-src"
#define VERSION "1.6.1"
#define HAVE_FCNTL_H 1
#define HAVE_UNISTD_H 1
#define HAVE_SYS_TYPES_H 1
#define HAVE_SYS_STAT_H 1
#define HAVE_PTHREAD_H 1
#define HAVE_SYS_RESOURCE_H 1
#define HAVE_SYS_TIME_H 1
#define HAVE_STDINT_H 1
#define HAVE_GETTIMEOFDAY 1
#define HAVE_BZERO 1
#define HAVE_MEMSET 1
#define HAVE_MEMCPY 1
#define HAVE_BCOPY 1

configure: exit 0
